#
# A fatal error has been detected by the Java Runtime Environment:
#
#  EXCEPTION_ACCESS_VIOLATION (0xc0000005) at pc=0x0000015c3264868b, pid=10456, tid=0x00000000000067c8
#
# JRE version: OpenJDK Runtime Environment (8.0_232-b09) (build 1.8.0_232-b09)
# Java VM: OpenJDK 64-Bit Server VM (25.232-b09 mixed mode windows-amd64 compressed oops)
# Problematic frame:
# j  cuchaz.enigma.analysis.InterpreterPair.merge(Lorg/objectweb/asm/tree/analysis/Value;Lorg/objectweb/asm/tree/analysis/Value;)Lorg/objectweb/asm/tree/analysis/Value;+2
#
# Failed to write core dump. Minidumps are not enabled by default on client versions of Windows
#
# If you would like to submit a bug report, please visit:
#   
#

---------------  T H R E A D  ---------------

Current thread (0x0000015c4bb27000):  JavaThread "ForkJoinPool.commonPool-worker-1" daemon [_thread_in_Java, id=26568, stack(0x00000050f4900000,0x00000050f4a00000)]

siginfo: ExceptionCode=0xc0000005, reading address 0x00000006e59152f0

Registers:
RAX=0x00000001003060b8, RBX=0x00000006e59152c0, RCX=0x0000000000000030, RDX=0x00000000dcb25580
RSP=0x00000050f49fe7a0, RBP=0x00000050f49fe7e8, RSI=0x0000015c494f71f0, RDI=0x0000000000000001
R8 =0x0000015c30c90f00, R9 =0x0000000000000001, R10=0x000000006400bcc0, R11=0x00000050f49fe750
R12=0x0000000000000000, R13=0x0000015c52e6ee82, R14=0x00000050f49fe808, R15=0x0000015c4bb27000
RIP=0x0000015c3264868b, EFLAGS=0x0000000000010212

Top of Stack: (sp=0x00000050f49fe7a0)
0x00000050f49fe7a0:   00000000dca6fa88 00000050f49fe7a8
0x00000050f49fe7b0:   0000015c52e6ee82 00000050f49fe808
0x00000050f49fe7c0:   0000015c52e739f8 0000015c52e90f58
0x00000050f49fe7d0:   0000015c52e6eea0 0000000000000000
0x00000050f49fe7e0:   00000050f49fe7f8 00000050f49fe850
0x00000050f49fe7f0:   0000015c32627e40 00000000dcb25500
0x00000050f49fe800:   0000000000000000 0000000000000000
0x00000050f49fe810:   00000050f49fe810 0000015c52e818e1
0x00000050f49fe820:   00000050f49fe888 0000015c52e826b0
0x00000050f49fe830:   0000015c52e949c0 0000015c52e81968
0x00000050f49fe840:   00000050f49fe7f8 00000050f49fe890
0x00000050f49fe850:   00000050f49fec90 0000015c32f5fb54
0x00000050f49fe860:   0000000000000000 deaddeaf00000006
0x00000050f49fe870:   deaddeaf00000000 00000000dca6fa88
0x00000050f49fe880:   00000000dcb223c8 00000000dccf15c8
0x00000050f49fe890:   00000000dcb223c8 00000050f49fe898 

Instructions: (pc=0x0000015c3264868b)
0x0000015c3264866b:   89 59 10 bf 01 00 00 00 48 89 79 18 48 83 c1 30
0x0000015c3264867b:   48 89 4d e0 48 3b d8 0f 84 5b 00 00 00 8b 48 0c
0x0000015c3264868b:   48 3b 04 0b 0f 84 4e 00 00 00 83 f9 18 0f 85 22
0x0000015c3264869b:   00 00 00 50 48 8b c0 57 48 8b 7b 20 8b 0f 48 83 


Register to memory mapping:

RAX=0x00000001003060b8 is pointing into metadata
RBX=0x00000006e59152c0 is an unknown value
RCX=0x0000000000000030 is an unknown value
RDX=0x00000000dcb25580 is an oop

[error occurred during error reporting (printing register info), id 0xc0000005]

Stack: [0x00000050f4900000,0x00000050f4a00000],  sp=0x00000050f49fe7a0,  free space=1017k
Native frames: (J=compiled Java code, j=interpreted, Vv=VM code, C=native code)
C  0x0000015c3264868b


---------------  P R O C E S S  ---------------

Java Threads: ( => current thread )
=>0x0000015c4bb27000 JavaThread "ForkJoinPool.commonPool-worker-1" daemon [_thread_in_Java, id=26568, stack(0x00000050f4900000,0x00000050f4a00000)]
  0x0000015c30bd3800 JavaThread "DestroyJavaVM" [_thread_blocked, id=9232, stack(0x00000050f2000000,0x00000050f2100000)]
  0x0000015c4b879000 JavaThread "D3D Screen Updater" daemon [_thread_blocked, id=26552, stack(0x00000050f4800000,0x00000050f4900000)]
  0x0000015c4b497000 JavaThread "Swing-Shell" daemon [_thread_blocked, id=26244, stack(0x00000050f4500000,0x00000050f4600000)]
  0x0000015c4b3a6800 JavaThread "AWT-EventQueue-0" [_thread_blocked, id=26228, stack(0x00000050f4400000,0x00000050f4500000)]
  0x0000015c4922a000 JavaThread "AWT-Windows" daemon [_thread_in_native, id=18548, stack(0x00000050f3600000,0x00000050f3700000)]
  0x0000015c49229000 JavaThread "AWT-Shutdown" [_thread_blocked, id=14848, stack(0x00000050f3500000,0x00000050f3600000)]
  0x0000015c49224000 JavaThread "Java2D Disposer" daemon [_thread_blocked, id=3760, stack(0x00000050f3400000,0x00000050f3500000)]
  0x0000015c48db0800 JavaThread "Service Thread" daemon [_thread_blocked, id=26520, stack(0x00000050f3200000,0x00000050f3300000)]
  0x0000015c46f36800 JavaThread "C1 CompilerThread3" daemon [_thread_blocked, id=25952, stack(0x00000050f3100000,0x00000050f3200000)]
  0x0000015c46f30800 JavaThread "C2 CompilerThread2" daemon [_thread_in_native, id=25852, stack(0x00000050f3000000,0x00000050f3100000)]
  0x0000015c46f26000 JavaThread "C2 CompilerThread1" daemon [_thread_in_native, id=9156, stack(0x00000050f2f00000,0x00000050f3000000)]
  0x0000015c46f23000 JavaThread "C2 CompilerThread0" daemon [_thread_in_native, id=1472, stack(0x00000050f2e00000,0x00000050f2f00000)]
  0x0000015c46f21800 JavaThread "Attach Listener" daemon [_thread_blocked, id=23124, stack(0x00000050f2d00000,0x00000050f2e00000)]
  0x0000015c46f20800 JavaThread "Signal Dispatcher" daemon [_thread_blocked, id=25964, stack(0x00000050f2c00000,0x00000050f2d00000)]
  0x0000015c46ef6000 JavaThread "Finalizer" daemon [_thread_blocked, id=19172, stack(0x00000050f2b00000,0x00000050f2c00000)]
  0x0000015c46eee800 JavaThread "Reference Handler" daemon [_thread_blocked, id=22912, stack(0x00000050f2a00000,0x00000050f2b00000)]

Other Threads:
  0x0000015c46ec5000 VMThread [stack: 0x00000050f2900000,0x00000050f2a00000] [id=16540]
  0x0000015c46f9b800 WatcherThread [stack: 0x00000050f3300000,0x00000050f3400000] [id=3120]

VM state:not at safepoint (normal execution)

VM Mutex/Monitor currently owned by a thread: None

heap address: 0x0000000080000000, size: 2048 MB, Compressed Oops mode: 32-bit
Narrow klass base: 0x0000000000000000, Narrow klass shift: 3
Compressed class space size: 1073741824 Address: 0x0000000100000000

Heap:
 PSYoungGen      total 141824K, used 139272K [0x00000000d5580000, 0x00000000e3880000, 0x0000000100000000)
  eden space 131072K, 98% used [0x00000000d5580000,0x00000000dd309fe0,0x00000000dd580000)
  from space 10752K, 99% used [0x00000000dd580000,0x00000000ddff8040,0x00000000de000000)
  to   space 10752K, 0% used [0x00000000e2e00000,0x00000000e2e00000,0x00000000e3880000)
 ParOldGen       total 196608K, used 60198K [0x0000000080000000, 0x000000008c000000, 0x00000000d5580000)
  object space 196608K, 30% used [0x0000000080000000,0x0000000083ac98d0,0x000000008c000000)
 Metaspace       used 22295K, capacity 23175K, committed 23424K, reserved 1069056K
  class space    used 2909K, capacity 3129K, committed 3200K, reserved 1048576K

Card table byte_map: [0x0000015c419e0000,0x0000015c41df0000] byte_map_base: 0x0000015c415e0000

Marking Bits: (ParMarkBitMap*) 0x0000000064025f70
 Begin Bits: [0x0000015c420a0000, 0x0000015c440a0000)
 End Bits:   [0x0000015c440a0000, 0x0000015c460a0000)

Polling page: 0x0000015c30d30000

CodeCache: size=245760Kb used=10149Kb max_used=10171Kb free=235610Kb
 bounds [0x0000015c32620000, 0x0000015c33020000, 0x0000015c41620000]
 total_blobs=3649 nmethods=3042 adapters=519
 compilation: enabled

Compilation events (10 events):
Event: 2.369 Thread 0x0000015c46f30800 2865       4       cuchaz.enigma.analysis.InterpreterPair::merge (13 bytes)
Event: 2.370 Thread 0x0000015c46f23000 nmethod 2993 0x0000015c32fc05d0 code [0x0000015c32fc0720, 0x0000015c32fc0ab8]
Event: 2.370 Thread 0x0000015c46f23000 2866       4       org.objectweb.asm.tree.analysis.SimpleVerifier::merge (13 bytes)
Event: 2.379 Thread 0x0000015c46f36800 3052 %     3       org.objectweb.asm.tree.analysis.BasicVerifier::naryOperation @ 193 (288 bytes)
Event: 2.380 Thread 0x0000015c46f36800 nmethod 3052% 0x0000015c330047d0 code [0x0000015c33004ba0, 0x0000015c33007140]
Event: 2.380 Thread 0x0000015c46f36800 3053 %     3       org.objectweb.asm.tree.analysis.Frame::executeInvokeInsn @ 16 (100 bytes)
Event: 2.380 Thread 0x0000015c46f36800 nmethod 3053% 0x0000015c330031d0 code [0x0000015c33003420, 0x0000015c330040e0]
Event: 2.384 Thread 0x0000015c46f23000 nmethod 2866 0x0000015c3300ac90 code [0x0000015c3300af20, 0x0000015c3300c058]
Event: 2.384 Thread 0x0000015c46f23000 3047       4       java.util.stream.AbstractPipeline::wrapSink (37 bytes)
Event: 2.385 Thread 0x0000015c46f36800 3054       3       org.objectweb.asm.tree.analysis.Frame::executeInvokeInsn (100 bytes)

GC Heap History (8 events):
Event: 0.545 GC heap before
{Heap before GC invocations=1 (full 0):
 PSYoungGen      total 76288K, used 65536K [0x00000000d5580000, 0x00000000daa80000, 0x0000000100000000)
  eden space 65536K, 100% used [0x00000000d5580000,0x00000000d9580000,0x00000000d9580000)
  from space 10752K, 0% used [0x00000000da000000,0x00000000da000000,0x00000000daa80000)
  to   space 10752K, 0% used [0x00000000d9580000,0x00000000d9580000,0x00000000da000000)
 ParOldGen       total 175104K, used 0K [0x0000000080000000, 0x000000008ab00000, 0x00000000d5580000)
  object space 175104K, 0% used [0x0000000080000000,0x0000000080000000,0x000000008ab00000)
 Metaspace       used 11462K, capacity 11698K, committed 11904K, reserved 1060864K
  class space    used 1298K, capacity 1378K, committed 1408K, reserved 1048576K
Event: 0.559 GC heap after
Heap after GC invocations=1 (full 0):
 PSYoungGen      total 76288K, used 10727K [0x00000000d5580000, 0x00000000dea80000, 0x0000000100000000)
  eden space 65536K, 0% used [0x00000000d5580000,0x00000000d5580000,0x00000000d9580000)
  from space 10752K, 99% used [0x00000000d9580000,0x00000000d9ff9ca0,0x00000000da000000)
  to   space 10752K, 0% used [0x00000000de000000,0x00000000de000000,0x00000000dea80000)
 ParOldGen       total 175104K, used 39529K [0x0000000080000000, 0x000000008ab00000, 0x00000000d5580000)
  object space 175104K, 22% used [0x0000000080000000,0x000000008269a4e0,0x000000008ab00000)
 Metaspace       used 11462K, capacity 11698K, committed 11904K, reserved 1060864K
  class space    used 1298K, capacity 1378K, committed 1408K, reserved 1048576K
}
Event: 1.462 GC heap before
{Heap before GC invocations=2 (full 0):
 PSYoungGen      total 76288K, used 46626K [0x00000000d5580000, 0x00000000dea80000, 0x0000000100000000)
  eden space 65536K, 54% used [0x00000000d5580000,0x00000000d788ec00,0x00000000d9580000)
  from space 10752K, 99% used [0x00000000d9580000,0x00000000d9ff9ca0,0x00000000da000000)
  to   space 10752K, 0% used [0x00000000de000000,0x00000000de000000,0x00000000dea80000)
 ParOldGen       total 175104K, used 39529K [0x0000000080000000, 0x000000008ab00000, 0x00000000d5580000)
  object space 175104K, 22% used [0x0000000080000000,0x000000008269a4e0,0x000000008ab00000)
 Metaspace       used 20464K, capacity 21283K, committed 21296K, reserved 1067008K
  class space    used 2735K, capacity 2944K, committed 2944K, reserved 1048576K
Event: 1.470 GC heap after
Heap after GC invocations=2 (full 0):
 PSYoungGen      total 141824K, used 10746K [0x00000000d5580000, 0x00000000dea80000, 0x0000000100000000)
  eden space 131072K, 0% used [0x00000000d5580000,0x00000000d5580000,0x00000000dd580000)
  from space 10752K, 99% used [0x00000000de000000,0x00000000dea7ebc8,0x00000000dea80000)
  to   space 10752K, 0% used [0x00000000dd580000,0x00000000dd580000,0x00000000de000000)
 ParOldGen       total 175104K, used 43965K [0x0000000080000000, 0x000000008ab00000, 0x00000000d5580000)
  object space 175104K, 25% used [0x0000000080000000,0x0000000082aef440,0x000000008ab00000)
 Metaspace       used 20464K, capacity 21283K, committed 21296K, reserved 1067008K
  class space    used 2735K, capacity 2944K, committed 2944K, reserved 1048576K
}
Event: 1.470 GC heap before
{Heap before GC invocations=3 (full 1):
 PSYoungGen      total 141824K, used 10746K [0x00000000d5580000, 0x00000000dea80000, 0x0000000100000000)
  eden space 131072K, 0% used [0x00000000d5580000,0x00000000d5580000,0x00000000dd580000)
  from space 10752K, 99% used [0x00000000de000000,0x00000000dea7ebc8,0x00000000dea80000)
  to   space 10752K, 0% used [0x00000000dd580000,0x00000000dd580000,0x00000000de000000)
 ParOldGen       total 175104K, used 43965K [0x0000000080000000, 0x000000008ab00000, 0x00000000d5580000)
  object space 175104K, 25% used [0x0000000080000000,0x0000000082aef440,0x000000008ab00000)
 Metaspace       used 20464K, capacity 21283K, committed 21296K, reserved 1067008K
  class space    used 2735K, capacity 2944K, committed 2944K, reserved 1048576K
Event: 1.491 GC heap after
Heap after GC invocations=3 (full 1):
 PSYoungGen      total 141824K, used 0K [0x00000000d5580000, 0x00000000dea80000, 0x0000000100000000)
  eden space 131072K, 0% used [0x00000000d5580000,0x00000000d5580000,0x00000000dd580000)
  from space 10752K, 0% used [0x00000000de000000,0x00000000de000000,0x00000000dea80000)
  to   space 10752K, 0% used [0x00000000dd580000,0x00000000dd580000,0x00000000de000000)
 ParOldGen       total 196608K, used 52638K [0x0000000080000000, 0x000000008c000000, 0x00000000d5580000)
  object space 196608K, 26% used [0x0000000080000000,0x0000000083367ab8,0x000000008c000000)
 Metaspace       used 20464K, capacity 21283K, committed 21296K, reserved 1067008K
  class space    used 2735K, capacity 2944K, committed 2944K, reserved 1048576K
}
Event: 2.103 GC heap before
{Heap before GC invocations=4 (full 1):
 PSYoungGen      total 141824K, used 131072K [0x00000000d5580000, 0x00000000dea80000, 0x0000000100000000)
  eden space 131072K, 100% used [0x00000000d5580000,0x00000000dd580000,0x00000000dd580000)
  from space 10752K, 0% used [0x00000000de000000,0x00000000de000000,0x00000000dea80000)
  to   space 10752K, 0% used [0x00000000dd580000,0x00000000dd580000,0x00000000de000000)
 ParOldGen       total 196608K, used 52638K [0x0000000080000000, 0x000000008c000000, 0x00000000d5580000)
  object space 196608K, 26% used [0x0000000080000000,0x0000000083367ab8,0x000000008c000000)
 Metaspace       used 22278K, capacity 23111K, committed 23424K, reserved 1069056K
  class space    used 2909K, capacity 3129K, committed 3200K, reserved 1048576K
Event: 2.123 GC heap after
Heap after GC invocations=4 (full 1):
 PSYoungGen      total 141824K, used 10720K [0x00000000d5580000, 0x00000000e3880000, 0x0000000100000000)
  eden space 131072K, 0% used [0x00000000d5580000,0x00000000d5580000,0x00000000dd580000)
  from space 10752K, 99% used [0x00000000dd580000,0x00000000ddff8040,0x00000000de000000)
  to   space 10752K, 0% used [0x00000000e2e00000,0x00000000e2e00000,0x00000000e3880000)
 ParOldGen       total 196608K, used 60198K [0x0000000080000000, 0x000000008c000000, 0x00000000d5580000)
  object space 196608K, 30% used [0x0000000080000000,0x0000000083ac98d0,0x000000008c000000)
 Metaspace       used 22278K, capacity 23111K, committed 23424K, reserved 1069056K
  class space    used 2909K, capacity 3129K, committed 3200K, reserved 1048576K
}

Deoptimization events (10 events):
Event: 2.027 Thread 0x0000015c4bb27000 Uncommon trap: reason=class_check action=maybe_recompile pc=0x0000015c32e75da0 method=cuchaz.enigma.translation.representation.entry.ClassEntry.equals(Ljava/lang/Object;)Z @ 1
Event: 2.027 Thread 0x0000015c4bb27000 Uncommon trap: reason=class_check action=maybe_recompile pc=0x0000015c32e75da0 method=cuchaz.enigma.translation.representation.entry.ClassEntry.equals(Ljava/lang/Object;)Z @ 1
Event: 2.031 Thread 0x0000015c4bb27000 Uncommon trap: reason=class_check action=maybe_recompile pc=0x0000015c32e75da0 method=cuchaz.enigma.translation.representation.entry.ClassEntry.equals(Ljava/lang/Object;)Z @ 1
Event: 2.031 Thread 0x0000015c4bb27000 Uncommon trap: reason=class_check action=maybe_recompile pc=0x0000015c32e75da0 method=cuchaz.enigma.translation.representation.entry.ClassEntry.equals(Ljava/lang/Object;)Z @ 1
Event: 2.133 Thread 0x0000015c4bb27000 Uncommon trap: reason=unstable_if action=reinterpret pc=0x0000015c32f8451c method=org.objectweb.asm.tree.analysis.SimpleVerifier.merge(Lorg/objectweb/asm/tree/analysis/BasicValue;Lorg/objectweb/asm/tree/analysis/BasicValue;)Lorg/objectweb/asm/tree/analysi
Event: 2.149 Thread 0x0000015c4bb27000 Uncommon trap: reason=unstable_if action=reinterpret pc=0x0000015c32f87c08 method=java.util.AbstractSet.equals(Ljava/lang/Object;)Z @ 31
Event: 2.150 Thread 0x0000015c4bb27000 Uncommon trap: reason=unstable_if action=reinterpret pc=0x0000015c32f5f6d8 method=java.util.AbstractSet.equals(Ljava/lang/Object;)Z @ 31
Event: 2.192 Thread 0x0000015c4bb27000 Uncommon trap: reason=unstable_if action=reinterpret pc=0x0000015c32fac304 method=java.util.AbstractCollection.containsAll(Ljava/util/Collection;)Z @ 28
Event: 2.234 Thread 0x0000015c4bb27000 Uncommon trap: reason=unstable_if action=reinterpret pc=0x0000015c32fb581c method=java.util.AbstractCollection.containsAll(Ljava/util/Collection;)Z @ 28
Event: 2.385 Thread 0x0000015c4bb27000 Uncommon trap: reason=class_check action=maybe_recompile pc=0x0000015c32fecdd8 method=cuchaz.enigma.analysis.InterpreterPair.merge(Lorg/objectweb/asm/tree/analysis/Value;Lorg/objectweb/asm/tree/analysis/Value;)Lorg/objectweb/asm/tree/analysis/Value; @ 2

Classes redefined (0 events):
No events

Internal exceptions (10 events):
Event: 0.566 Thread 0x0000015c30bd3800 Exception <a 'java/lang/NoSuchMethodError': java.lang.Object.lambda$chars$0()Ljava/util/Spliterator$OfInt;> (0x00000000d55aeaa8) thrown at [C:\cygwin64\tmp\openjdk-jdk8u-windows-x64-hotspot\workspace\build\src\hotspot\src\share\vm\interpreter\linkResolver
Event: 0.571 Thread 0x0000015c30bd3800 Exception <a 'sun/nio/fs/WindowsException'> (0x00000000d55ced38) thrown at [C:\cygwin64\tmp\openjdk-jdk8u-windows-x64-hotspot\workspace\build\src\hotspot\src\share\vm\prims\jni.cpp, line 710]
Event: 0.661 Thread 0x0000015c30bd3800 Implicit null exception at 0x0000015c328bc356 to 0x0000015c328bc6fd
Event: 0.661 Thread 0x0000015c30bd3800 Implicit null exception at 0x0000015c32867916 to 0x0000015c32867cb5
Event: 1.129 Thread 0x0000015c30bd3800 Exception <a 'java/lang/NoSuchMethodError': java.lang.Object.lambda$comparing$77a9974f$1(Ljava/util/function/Function;Ljava/lang/Object;Ljava/lang/Object;)I> (0x00000000d610aa00) thrown at [C:\cygwin64\tmp\openjdk-jdk8u-windows-x64-hotspot\workspace\build
Event: 1.992 Thread 0x0000015c4bb27000 Implicit null exception at 0x0000015c32e334fc to 0x0000015c32e35211
Event: 2.027 Thread 0x0000015c4bb27000 Exception <a 'java/lang/ClassNotFoundException': net/minecraft/class_2811> (0x00000000dc65ac68) thrown at [C:\cygwin64\tmp\openjdk-jdk8u-windows-x64-hotspot\workspace\build\src\hotspot\src\share\vm\classfile\systemDictionary.cpp, line 210]
Event: 2.031 Thread 0x0000015c4bb27000 Exception <a 'java/lang/ClassNotFoundException': net/minecraft/class_2812> (0x00000000dc6959b8) thrown at [C:\cygwin64\tmp\openjdk-jdk8u-windows-x64-hotspot\workspace\build\src\hotspot\src\share\vm\classfile\systemDictionary.cpp, line 210]
Event: 2.033 Thread 0x0000015c4bb27000 Exception <a 'java/lang/ClassNotFoundException': com/google/gson/JsonElement> (0x00000000dc6be3d0) thrown at [C:\cygwin64\tmp\openjdk-jdk8u-windows-x64-hotspot\workspace\build\src\hotspot\src\share\vm\classfile\systemDictionary.cpp, line 210]
Event: 2.033 Thread 0x0000015c4bb27000 Exception <a 'java/lang/ClassNotFoundException': com/google/gson/JsonObject> (0x00000000dc6be820) thrown at [C:\cygwin64\tmp\openjdk-jdk8u-windows-x64-hotspot\workspace\build\src\hotspot\src\share\vm\classfile\systemDictionary.cpp, line 210]

Events (10 events):
Event: 2.335 Thread 0x0000015c4bb27000 DEOPT UNPACKING pc=0x0000015c326675d8 sp=0x00000050f49fe520 mode 0
Event: 2.336 Thread 0x0000015c4bb27000 DEOPT PACKING pc=0x0000015c32f97178 sp=0x00000050f49fe7f0
Event: 2.336 Thread 0x0000015c4bb27000 DEOPT UNPACKING pc=0x0000015c326675d8 sp=0x00000050f49fe520 mode 0
Event: 2.336 Thread 0x0000015c4bb27000 DEOPT PACKING pc=0x0000015c32f97178 sp=0x00000050f49fe7f0
Event: 2.336 Thread 0x0000015c4bb27000 DEOPT UNPACKING pc=0x0000015c326675d8 sp=0x00000050f49fe520 mode 0
Event: 2.337 Thread 0x0000015c4bb27000 DEOPT PACKING pc=0x0000015c32f97178 sp=0x00000050f49fe7f0
Event: 2.337 Thread 0x0000015c4bb27000 DEOPT UNPACKING pc=0x0000015c326675d8 sp=0x00000050f49fe520 mode 0
Event: 2.385 Thread 0x0000015c4bb27000 Uncommon trap: trap_request=0xffffffde fr.pc=0x0000015c32fecdd8
Event: 2.385 Thread 0x0000015c4bb27000 DEOPT PACKING pc=0x0000015c32fecdd8 sp=0x00000050f49fe7d0
Event: 2.385 Thread 0x0000015c4bb27000 DEOPT UNPACKING pc=0x0000015c32665583 sp=0x00000050f49fe768 mode 2


Dynamic libraries:
0x00007ff74c070000 - 0x00007ff74c0aa000 	C:\Program Files\AdoptOpenJDK\jdk-8.0.232.09-hotspot\jre\bin\java.exe
0x00007ff917db0000 - 0x00007ff917fa5000 	C:\Windows\SYSTEM32\ntdll.dll
0x00007ff9163b0000 - 0x00007ff91646d000 	C:\Windows\System32\KERNEL32.DLL
0x00007ff915a70000 - 0x00007ff915d38000 	C:\Windows\System32\KERNELBASE.dll
0x00007ff9178c0000 - 0x00007ff91796c000 	C:\Windows\System32\ADVAPI32.dll
0x00007ff916b90000 - 0x00007ff916c2e000 	C:\Windows\System32\msvcrt.dll
0x00007ff917a90000 - 0x00007ff917b2b000 	C:\Windows\System32\sechost.dll
0x00007ff9160d0000 - 0x00007ff9161fb000 	C:\Windows\System32\RPCRT4.dll
0x00007ff916520000 - 0x00007ff9166c0000 	C:\Windows\System32\USER32.dll
0x00007ff915a40000 - 0x00007ff915a62000 	C:\Windows\System32\win32u.dll
0x00007ff917150000 - 0x00007ff91717a000 	C:\Windows\System32\GDI32.dll
0x00007ff915640000 - 0x00007ff91574b000 	C:\Windows\System32\gdi32full.dll
0x00007ff9154f0000 - 0x00007ff91558d000 	C:\Windows\System32\msvcp_win.dll
0x00007ff9158b0000 - 0x00007ff9159b0000 	C:\Windows\System32\ucrtbase.dll
0x00007ff90a3e0000 - 0x00007ff90a67a000 	C:\Windows\WinSxS\amd64_microsoft.windows.common-controls_6595b64144ccf1df_6.0.19041.1052_none_60b8f8fd71f5e8cb\COMCTL32.dll
0x00007ff915eb0000 - 0x00007ff915ee0000 	C:\Windows\System32\IMM32.DLL
0x00007ff902da0000 - 0x00007ff902e8f000 	C:\Program Files\AdoptOpenJDK\jdk-8.0.232.09-hotspot\jre\bin\msvcr120.dll
0x00007ff902cf0000 - 0x00007ff902d96000 	C:\Program Files\AdoptOpenJDK\jdk-8.0.232.09-hotspot\jre\bin\msvcp120.dll
0x00000000638a0000 - 0x000000006409f000 	C:\Program Files\AdoptOpenJDK\jdk-8.0.232.09-hotspot\jre\bin\server\jvm.dll
0x00007ff916200000 - 0x00007ff916208000 	C:\Windows\System32\PSAPI.DLL
0x00007ff90a8d0000 - 0x00007ff90a8f7000 	C:\Windows\SYSTEM32\WINMM.dll
0x00007ff90a900000 - 0x00007ff90a90a000 	C:\Windows\SYSTEM32\VERSION.dll
0x00007ff9030f0000 - 0x00007ff9030f9000 	C:\Windows\SYSTEM32\WSOCK32.dll
0x00007ff916b20000 - 0x00007ff916b8b000 	C:\Windows\System32\WS2_32.dll
0x00007ff902ce0000 - 0x00007ff902cef000 	C:\Program Files\AdoptOpenJDK\jdk-8.0.232.09-hotspot\jre\bin\verify.dll
0x00007ff902cb0000 - 0x00007ff902cd8000 	C:\Program Files\AdoptOpenJDK\jdk-8.0.232.09-hotspot\jre\bin\java.dll
0x00007ff902c90000 - 0x00007ff902ca6000 	C:\Program Files\AdoptOpenJDK\jdk-8.0.232.09-hotspot\jre\bin\zip.dll
0x00007ff917180000 - 0x00007ff9178bf000 	C:\Windows\System32\SHELL32.dll
0x00007ff9133d0000 - 0x00007ff913b60000 	C:\Windows\SYSTEM32\windows.storage.dll
0x00007ff9166c0000 - 0x00007ff916a15000 	C:\Windows\System32\combase.dll
0x00007ff914f40000 - 0x00007ff914f6c000 	C:\Windows\SYSTEM32\Wldp.dll
0x00007ff916c30000 - 0x00007ff916cde000 	C:\Windows\System32\SHCORE.dll
0x00007ff916350000 - 0x00007ff9163a5000 	C:\Windows\System32\shlwapi.dll
0x00007ff915430000 - 0x00007ff91544f000 	C:\Windows\SYSTEM32\profapi.dll
0x00007ff902c70000 - 0x00007ff902c8a000 	C:\Program Files\AdoptOpenJDK\jdk-8.0.232.09-hotspot\jre\bin\net.dll
0x00007ff914c80000 - 0x00007ff914cea000 	C:\Windows\system32\mswsock.dll
0x00007ff902c50000 - 0x00007ff902c62000 	C:\Program Files\AdoptOpenJDK\jdk-8.0.232.09-hotspot\jre\bin\nio.dll
0x00007ff8bc7d0000 - 0x00007ff8bc965000 	C:\Program Files\AdoptOpenJDK\jdk-8.0.232.09-hotspot\jre\bin\awt.dll
0x00007ff916270000 - 0x00007ff91633d000 	C:\Windows\System32\OLEAUT32.dll
0x00007ff912b50000 - 0x00007ff912be0000 	C:\Windows\SYSTEM32\apphelp.dll
0x00007ff912c50000 - 0x00007ff912cee000 	C:\Windows\system32\uxtheme.dll
0x00007ff917970000 - 0x00007ff917a85000 	C:\Windows\System32\MSCTF.dll
0x00007ff915ee0000 - 0x00007ff91600a000 	C:\Windows\System32\ole32.dll
0x00007ff913d70000 - 0x00007ff913d82000 	C:\Windows\SYSTEM32\kernel.appcore.dll
0x00007ff915d90000 - 0x00007ff915e13000 	C:\Windows\System32\bcryptPrimitives.dll
0x00007ff912f00000 - 0x00007ff912f2f000 	C:\Windows\system32\DWMAPI.DLL
0x00007ff8d2880000 - 0x00007ff8d2913000 	C:\Program Files\AdoptOpenJDK\jdk-8.0.232.09-hotspot\jre\bin\freetype.dll
0x00007ff8d27c0000 - 0x00007ff8d287d000 	C:\Program Files\AdoptOpenJDK\jdk-8.0.232.09-hotspot\jre\bin\fontmanager.dll
0x00007ff8c6b30000 - 0x00007ff8c6c56000 	C:\Windows\system32\opengl32.dll
0x00007ff8c68c0000 - 0x00007ff8c68ec000 	C:\Windows\SYSTEM32\GLU32.dll
0x00007ff8d9ed0000 - 0x00007ff8da09e000 	C:\Windows\system32\d3d9.dll
0x00007ff90a9c0000 - 0x00007ff90ab9b000 	C:\Windows\System32\DriverStore\FileRepository\u0368629.inf_amd64_13b829d719b80b7f\B367342\aticfx64.dll
0x00007ff8c22e0000 - 0x00007ff8c2313000 	C:\Windows\System32\DriverStore\FileRepository\u0368629.inf_amd64_13b829d719b80b7f\B367342\atiu9p64.dll
0x00007ff8bcde0000 - 0x00007ff8bdb3a000 	C:\Windows\System32\DriverStore\FileRepository\u0368629.inf_amd64_13b829d719b80b7f\B367342\atiumd64.dll
0x00007ff9096b0000 - 0x00007ff909894000 	C:\Windows\SYSTEM32\dbghelp.dll
0x00007ff900180000 - 0x00007ff9001ac000 	C:\Windows\SYSTEM32\dbgcore.DLL
0x0000000064580000 - 0x000000006544b000 	C:\Windows\System32\DriverStore\FileRepository\u0368629.inf_amd64_13b829d719b80b7f\B367342\atiumd6a.dll
0x00007ff914aa0000 - 0x00007ff914aeb000 	C:\Windows\SYSTEM32\POWRPROF.dll
0x00007ff914910000 - 0x00007ff914922000 	C:\Windows\SYSTEM32\UMPDC.dll
0x00007ff907270000 - 0x00007ff9072a0000 	C:\Windows\SYSTEM32\amdihk64.dll
0x00007ff90ac00000 - 0x00007ff90ac3b000 	C:\Windows\SYSTEM32\dxcore.dll
0x00007ff915d40000 - 0x00007ff915d8e000 	C:\Windows\System32\cfgmgr32.dll
0x00007ff9022f0000 - 0x00007ff9023a0000 	C:\Windows\WinSxS\amd64_microsoft.windows.common-controls_6595b64144ccf1df_5.82.19041.844_none_423537bff6b9828c\comctl32.dll
0x00007ff916470000 - 0x00007ff916519000 	C:\Windows\System32\clbcatq.dll
0x00007ff913c00000 - 0x00007ff913cf6000 	C:\Windows\SYSTEM32\PROPSYS.dll
0x00007ff902910000 - 0x00007ff902927000 	C:\Windows\system32\NetworkExplorer.dll
0x00007ff902970000 - 0x00007ff90298d000 	C:\Windows\SYSTEM32\MPR.dll
0x0000000180000000 - 0x0000000180023000 	C:\WINDOWS\system32\cbfsNetRdr6.dll
0x00007ff903610000 - 0x00007ff903628000 	C:\WINDOWS\system32\NETAPI32.dll
0x00007ff903100000 - 0x00007ff903128000 	C:\WINDOWS\system32\SRVCLI.DLL
0x00007ff8d9620000 - 0x00007ff8d963d000 	C:\Windows\System32\p9np.dll
0x00007ff8e3b50000 - 0x00007ff8e3b5b000 	C:\Windows\System32\drprov.dll
0x00007ff914240000 - 0x00007ff91429a000 	C:\Windows\System32\WINSTA.dll
0x00007ff8d9600000 - 0x00007ff8d9618000 	C:\Windows\System32\ntlanman.dll
0x00007ff8d9500000 - 0x00007ff8d951e000 	C:\Windows\System32\davclnt.dll
0x00007ff8d94f0000 - 0x00007ff8d94fd000 	C:\Windows\System32\DAVHLPR.dll
0x00007ff9146e0000 - 0x00007ff9146f7000 	C:\Windows\System32\wkscli.dll
0x00007ff8fb2b0000 - 0x00007ff8fb2c2000 	C:\Windows\SYSTEM32\cscapi.dll
0x00007ff914970000 - 0x00007ff91497c000 	C:\Windows\System32\netutils.dll
0x00007ff8f03c0000 - 0x00007ff8f0418000 	C:\Windows\System32\dlnashext.dll
0x00007ff8e7850000 - 0x00007ff8e78b4000 	C:\Windows\System32\PlayToDevice.dll
0x00007ff8fbbe0000 - 0x00007ff8fbc00000 	C:\Windows\System32\DevDispItemProvider.dll
0x00007ff90e5f0000 - 0x00007ff90e675000 	C:\Windows\System32\MMDevApi.dll
0x00007ff9152a0000 - 0x00007ff9152cc000 	C:\Windows\System32\DEVOBJ.dll
0x00007ff8bcc70000 - 0x00007ff8bcd13000 	C:\Windows\system32\wpdshext.dll
0x00007ff9020d0000 - 0x00007ff90227b000 	C:\Windows\WinSxS\amd64_microsoft.windows.gdiplus_6595b64144ccf1df_1.1.19041.1023_none_91a0d43ccc8b3035\gdiplus.dll
0x00007ff90ef20000 - 0x00007ff90efc3000 	C:\Windows\System32\PortableDeviceApi.dll
0x00007ff916ce0000 - 0x00007ff917149000 	C:\Windows\System32\SETUPAPI.dll
0x00007ff9159b0000 - 0x00007ff9159d7000 	C:\Windows\System32\bcrypt.dll
0x00007ff9159e0000 - 0x00007ff915a40000 	C:\Windows\System32\WINTRUST.dll
0x00007ff915750000 - 0x00007ff9158af000 	C:\Windows\System32\CRYPT32.dll
0x00007ff9150e0000 - 0x00007ff9150f2000 	C:\Windows\System32\MSASN1.dll
0x00007ff8e7450000 - 0x00007ff8e7487000 	C:\Windows\System32\EhStorShell.dll
0x00007ff900f00000 - 0x00007ff900f26000 	C:\Windows\System32\EhStorAPI.dll
0x00007ff9102d0000 - 0x00007ff9102e4000 	C:\Windows\System32\WTSAPI32.dll
0x00007ff8e7b30000 - 0x00007ff8e7b3d000 	C:\Windows\SYSTEM32\LINKINFO.dll
0x00007ff90da10000 - 0x00007ff90dbc4000 	C:\Windows\SYSTEM32\WindowsCodecs.dll
0x00007ff8ed260000 - 0x00007ff8ed2c6000 	C:\Windows\System32\thumbcache.dll
0x00007ff900550000 - 0x00007ff90055c000 	C:\Windows\SYSTEM32\Secur32.dll
0x00007ff9153b0000 - 0x00007ff9153e1000 	C:\Windows\SYSTEM32\SSPICLI.DLL
0x00007ff8f3b30000 - 0x00007ff8f3c29000 	C:\Windows\SYSTEM32\textinputframework.dll
0x00007ff912230000 - 0x00007ff91258e000 	C:\Windows\System32\CoreUIComponents.dll
0x00007ff912920000 - 0x00007ff912a12000 	C:\Windows\System32\CoreMessaging.dll
0x00007ff910ba0000 - 0x00007ff910cf4000 	C:\Windows\SYSTEM32\wintypes.dll
0x00007ff9141d0000 - 0x00007ff914203000 	C:\Windows\SYSTEM32\ntmarta.dll

VM Arguments:
jvm_args: -Xmx2048m 
java_command: cuchaz.enigma.gui.Main -jar C:\Users\carol\git\Better Than Updates\Mappings\1.6.4-intermediary.jar -mappings C:\Users\carol\git\Better Than Updates\Mappings\mappings -profile enigma_profile.json
java_class_path (initial): C:\Users\carol\.gradle\caches\modules-2\files-2.1\cuchaz\enigma-swing\0.27.3\b71d30e9518ff5be0147f9386d329c9300e495f8\enigma-swing-0.27.3.jar;C:\Users\carol\.gradle\caches\modules-2\files-2.1\net.fabricmc\stitch\0.6.1\5647c5ec651c44c4d5760458d11b2c3c1b98fc2\stitch-0.6.1.jar;C:\Users\carol\.gradle\caches\modules-2\files-2.1\cuchaz\enigma-server\0.27.3\a9d08b4a4c8e0dbcf170acb7315d22c584f0597f\enigma-server-0.27.3.jar;C:\Users\carol\.gradle\caches\modules-2\files-2.1\cuchaz\enigma\0.27.3\43d312b62231a9a902ab85384587e85970db7c0b\enigma-0.27.3.jar;C:\Users\carol\.gradle\caches\modules-2\files-2.1\com.google.guava\guava\30.1-jre\d0c3ce2311c9e36e73228da25a6e99b2ab826f\guava-30.1-jre.jar;C:\Users\carol\.gradle\caches\modules-2\files-2.1\com.google.code.gson\gson\2.8.6\9180733b7df8542621dc12e21e87557e8c99b8cb\gson-2.8.6.jar;C:\Users\carol\.gradle\caches\modules-2\files-2.1\net.sf.jopt-simple\jopt-simple\6.0-alpha-3\2ab1a73e1e22d2b73469362a0908a98644b681d\jopt-simple-6.0-alpha-3.jar;C:\Users\carol\.gradle\caches\modules-2\files-2.1\com.formdev\flatlaf-extras\1.0\8e3e965820fc07f135bfab9dd2add163a1855914\flatlaf-extras-1.0.jar;C:\Users\carol\.gradle\caches\modules-2\files-2.1\com.formdev\flatlaf\1.0\a807c984f00b683c65503803720821f12e136e93\flatlaf-1.0.jar;C:\Users\carol\.gradle\caches\modules-2\files-2.1\de.sciss\syntaxpane\1.2.0\1396d2a871ac3f3e6c9d9cf6a4f74a8a08832d7a\syntaxpane-1.2.0.jar;C:\Users\carol\.gradle\caches\modules-2\files-2.1\com.github.lukeu\swing-dpi\0.9\e164faa10a4c2a32d814ab7892f3903546b688eb\swing-dpi-0.9.jar;C:\Users\carol\.gradle\caches\modules-2\files-2.1\org.drjekyll\fontchooser\2.4\9ddac5ce4dd8dac11bac2c9b1056cc6ce377e51c\fontchooser-2.4.jar;C:\Users\carol\.gradle\caches\modules-2\files-2.1\org.ow2.asm\asm-commons\9.1\8b971b182eb5cf100b9e8d4119152d83e00e0fdd\asm-commons-9.1.jar;C:\Users\carol\.gradle\caches\modules-2\files-2.1\org.ow2.asm\asm-util\9.1\36464a45d871779f3383a8a9aba2b26562a86729\asm-util-9.1.jar;C:\Users\carol\.g
Launcher Type: SUN_STANDARD

Environment Variables:
JAVA_HOME=C:\Program Files\AdoptOpenJDK\jdk-8.0.232.09-hotspot
USERNAME=carol
OS=Windows_NT
PROCESSOR_IDENTIFIER=Intel64 Family 6 Model 158 Stepping 9, GenuineIntel



---------------  S Y S T E M  ---------------

OS: Windows 10.0 , 64 bit Build 19041 (10.0.19041.1023)

CPU:total 8 (initial active 8) (4 cores per cpu, 2 threads per core) family 6 model 158 stepping 9, cmov, cx8, fxsr, mmx, sse, sse2, sse3, ssse3, sse4.1, sse4.2, popcnt, avx, avx2, aes, clmul, erms, rtm, 3dnowpref, lzcnt, ht, tsc, tscinvbit, bmi1, bmi2, adx

Memory: 4k page, physical 16711252k(7339768k free), swap 24575572k(10164052k free)

vm_info: OpenJDK 64-Bit Server VM (25.232-b09) for windows-amd64 JRE (1.8.0_232-b09), built on Oct 18 2019 15:06:13 by "jenkins" with MS VC++ 12.0 (VS2013)

time: Sat Jun 26 13:21:34 2021
timezone: Pacific Daylight Time
elapsed time: 2 seconds (0d 0h 0m 2s)

